#
# A fatal error has been detected by the Java Runtime Environment:
#
#  EXCEPTION_ACCESS_VIOLATION (0xc0000005) at pc=0x000000006d96071e, pid=3924, tid=3868
#
# JRE version: 6.0_43-b01
# Java VM: Java HotSpot(TM) 64-Bit Server VM (20.14-b01 mixed mode windows-amd64 compressed oops)
# Problematic frame:
# V  [jvm.dll+0xa071e]
#
# If you would like to submit a bug report, please visit:
#   http://java.sun.com/webapps/bugreport/crash.jsp
#

---------------  T H R E A D  ---------------

Current thread (0x000000000050c800):  JavaThread "main" [_thread_in_vm, id=3868, stack(0x00000000024b0000,0x00000000025b0000)]

siginfo: ExceptionCode=0xc0000005, reading address 0x0000000680000004

Registers:
RAX=0x000000007fffffff, RBX=0x000000077fffffff, RCX=0xffffffff00000005, RDX=0x0000000000000000
RSP=0x00000000025adae0, RBP=0x000000000000000f, RSI=0x0000000000000079, RDI=0x0000000000000099
R8 =0x0000000000000000, R9 =0x000000006d8c0000, R10=0x00000000025adcc0, R11=0x000000000000000c
R12=0x0000000000000000, R13=0x0000000780000268, R14=0x0000000000000000, R15=0x000000000000022c
RIP=0x000000006d96071e, EFLAGS=0x0000000000010296

Top of Stack: (sp=0x00000000025adae0)
0x00000000025adae0:   00000000000000ab 000000077fffffff
0x00000000025adaf0:   0000000000000000 00000000005082e0
0x00000000025adb00:   0000000000504f03 0000000000008d01
0x00000000025adb10:   0000000700000000 0000000001000000
0x00000000025adb20:   000000077ffffff0 00000000025adcc0
0x00000000025adb30:   0000000000000402 000000000050d000
0x00000000025adb40:   0000000000000000 000000000050c800
0x00000000025adb50:   00000000025adcc0 0000000000000248
0x00000000025adb60:   0000000000000128 000000006d960e92
0x00000000025adb70:   00000000025adcc0 0000000000508200
0x00000000025adb80:   0000000000000046 000000000000004d
0x00000000025adb90:   000000000e878fc6 000000006d919bda
0x00000000025adba0:   000000000050c800 000000006d98387d
0x00000000025adbb0:   0000000000000000 0000000000000000
0x00000000025adbc0:   000000000050c800 000007fefd8a132c
0x00000000025adbd0:   000000000050c800 000000006d9d862f 

Instructions: (pc=0x000000006d96071e)
0x000000006d9606fe:   49 8b cd e8 4a ae fe ff 44 8a 84 24 98 00 00 00
0x000000006d96070e:   8d 43 08 48 63 c8 48 63 c3 48 83 e1 fc 48 2b c8
0x000000006d96071e:   8b 04 19 0f b6 c8 89 44 24 38 0f b6 44 24 39 c1
0x000000006d96072e:   e1 08 0b c8 0f b6 44 24 3a c1 e1 08 0b c8 0f b6 


Register to memory mapping:

RAX=0x000000007fffffff is an unknown value
RBX=0x000000077fffffff is an oop
{constMethod} 
 - klass: {other class}
 - method:       0x0000000780000268 {method} 'sequence' '(Ljava/util/regex/Pattern$Node;)Ljava/util/regex/Pattern$Node;' in 'java/util/regex/Pattern'
 - exceptions:   0x000000077fc01ef8
bci_from(000000077FFFFFFF) = 15; print_codes():
RCX=0xffffffff00000005 is an unknown value
RDX=0x0000000000000000 is an unknown value
RSP=0x00000000025adae0 is pointing into the stack for thread: 0x000000000050c800
RBP=0x000000000000000f is an unknown value
RSI=0x0000000000000079 is an unknown value
RDI=0x0000000000000099 is an unknown value
R8 =0x0000000000000000 is an unknown value
R9 =0x000000006d8c0000 is an unknown value
R10=0x00000000025adcc0 is pointing into the stack for thread: 0x000000000050c800
R11=0x000000000000000c is an unknown value
R12=0x0000000000000000 is an unknown value
R13=0x0000000780000268 is an oop
{method} 
 - klass: {other class}
R14=0x0000000000000000 is an unknown value
R15=0x000000000000022c is an unknown value


Stack: [0x00000000024b0000,0x00000000025b0000],  sp=0x00000000025adae0,  free space=1014k
Native frames: (J=compiled Java code, j=interpreted, Vv=VM code, C=native code)
V  [jvm.dll+0xa071e]

Java frames: (J=compiled Java code, j=interpreted, Vv=VM code)
j  java.lang.String.split(Ljava/lang/String;I)[Ljava/lang/String;+1
j  java.lang.String.split(Ljava/lang/String;)[Ljava/lang/String;+3
j  org.codehaus.groovy.runtime.m12n.MetaInfExtensionModule.newModule(Ljava/util/Properties;Ljava/lang/ClassLoader;)Lorg/codehaus/groovy/runtime/m12n/MetaInfExtensionModule;+55
j  org.codehaus.groovy.runtime.m12n.StandardPropertiesModuleFactory.newModule(Ljava/util/Properties;Ljava/lang/ClassLoader;)Lorg/codehaus/groovy/runtime/m12n/ExtensionModule;+146
j  org.codehaus.groovy.runtime.m12n.ExtensionModuleScanner.scanExtensionModuleFromProperties(Ljava/util/Properties;)V+14
j  org.codehaus.groovy.runtime.m12n.ExtensionModuleScanner.scanExtensionModuleFromMetaInf(Ljava/net/URL;)V+52
j  org.codehaus.groovy.runtime.m12n.ExtensionModuleScanner.scanClasspathModules()V+31
j  org.codehaus.groovy.runtime.metaclass.MetaClassRegistryImpl.<init>(IZ)V+279
j  org.codehaus.groovy.runtime.metaclass.MetaClassRegistryImpl.<init>()V+3
j  groovy.lang.GroovySystem.<clinit>()V+8
v  ~StubRoutines::call_stub
j  org.codehaus.groovy.runtime.InvokerHelper.<clinit>()V+34
v  ~StubRoutines::call_stub
j  groovy.lang.GroovyObjectSupport.<init>()V+9
j  groovy.lang.Binding.<init>()V+1
j  com.sxx.groovy.test.GroovyFristTestMain.main([Ljava/lang/String;)V+4
v  ~StubRoutines::call_stub

---------------  P R O C E S S  ---------------

Java Threads: ( => current thread )
  0x000000000691d000 JavaThread "Low Memory Detector" daemon [_thread_blocked, id=1920, stack(0x0000000006eb0000,0x0000000006fb0000)]
  0x0000000006912000 JavaThread "C2 CompilerThread1" daemon [_thread_blocked, id=3312, stack(0x0000000006db0000,0x0000000006eb0000)]
  0x000000000690d000 JavaThread "C2 CompilerThread0" daemon [_thread_blocked, id=8472, stack(0x0000000006cb0000,0x0000000006db0000)]
  0x00000000068c5800 JavaThread "Attach Listener" daemon [_thread_blocked, id=8872, stack(0x0000000006bb0000,0x0000000006cb0000)]
  0x00000000068c0000 JavaThread "Signal Dispatcher" daemon [_thread_blocked, id=9724, stack(0x0000000006ab0000,0x0000000006bb0000)]
  0x000000000060b800 JavaThread "Finalizer" daemon [_thread_blocked, id=9620, stack(0x00000000067b0000,0x00000000068b0000)]
  0x0000000000605000 JavaThread "Reference Handler" daemon [_thread_blocked, id=9424, stack(0x00000000066b0000,0x00000000067b0000)]
=>0x000000000050c800 JavaThread "main" [_thread_in_vm, id=3868, stack(0x00000000024b0000,0x00000000025b0000)]

Other Threads:
  0x00000000005fe800 VMThread [stack: 0x00000000065b0000,0x00000000066b0000] [id=2636]
  0x000000000692e800 WatcherThread [stack: 0x0000000006fb0000,0x00000000070b0000] [id=9968]

VM state:not at safepoint (normal execution)

VM Mutex/Monitor currently owned by a thread: None

Heap
 PSYoungGen      total 36736K, used 10160K [0x00000007d6f60000, 0x00000007d9860000, 0x0000000800000000)
  eden space 31488K, 32% used [0x00000007d6f60000,0x00000007d794c200,0x00000007d8e20000)
  from space 5248K, 0% used [0x00000007d9340000,0x00000007d9340000,0x00000007d9860000)
  to   space 5248K, 0% used [0x00000007d8e20000,0x00000007d8e20000,0x00000007d9340000)
 PSOldGen        total 84096K, used 0K [0x0000000784e00000, 0x000000078a020000, 0x00000007d6f60000)
  object space 84096K, 0% used [0x0000000784e00000,0x0000000784e00000,0x000000078a020000)
 PSPermGen       total 21248K, used 6122K [0x000000077fc00000, 0x00000007810c0000, 0x0000000784e00000)
  object space 21248K, 28% used [0x000000077fc00000,0x00000007801fab18,0x00000007810c0000)

Code Cache  [0x00000000025b0000, 0x0000000002820000, 0x00000000055b0000)
 total_blobs=212 nmethods=23 adapters=143 free_code_cache=49897600 largest_free_block=12352

Dynamic libraries:
0x0000000000400000 - 0x000000000042f000 	D:\soft\java\bin\javaw.exe
0x0000000077a00000 - 0x0000000077baa000 	C:\windows\SYSTEM32\ntdll.dll
0x00000000777e0000 - 0x00000000778ff000 	C:\windows\system32\kernel32.dll
0x000007fefd8a0000 - 0x000007fefd90b000 	C:\windows\system32\KERNELBASE.dll
0x000007feff6b0000 - 0x000007feff78b000 	C:\windows\system32\ADVAPI32.dll
0x000007fefe860000 - 0x000007fefe8ff000 	C:\windows\system32\msvcrt.dll
0x000007fefe900000 - 0x000007fefe91f000 	C:\windows\SYSTEM32\sechost.dll
0x000007fefe210000 - 0x000007fefe33d000 	C:\windows\system32\RPCRT4.dll
0x0000000077900000 - 0x00000000779fa000 	C:\windows\system32\USER32.dll
0x000007fefe340000 - 0x000007fefe3a7000 	C:\windows\system32\GDI32.dll
0x000007fefe7f0000 - 0x000007fefe7fe000 	C:\windows\system32\LPK.dll
0x000007fefde90000 - 0x000007fefdf5a000 	C:\windows\system32\USP10.dll
0x000007fefdb40000 - 0x000007fefdb6e000 	C:\windows\system32\IMM32.DLL
0x000007fefdb70000 - 0x000007fefdc79000 	C:\windows\system32\MSCTF.dll
0x000000006d8c0000 - 0x000000006e07c000 	D:\soft\java\jre\bin\server\jvm.dll
0x000007fefb240000 - 0x000007fefb27b000 	C:\windows\system32\WINMM.dll
0x000000006d830000 - 0x000000006d83e000 	D:\soft\java\jre\bin\verify.dll
0x000000006d450000 - 0x000000006d477000 	D:\soft\java\jre\bin\java.dll
0x000000006d880000 - 0x000000006d892000 	D:\soft\java\jre\bin\zip.dll
0x0000000077bd0000 - 0x0000000077bd7000 	C:\windows\system32\PSAPI.DLL

VM Arguments:
jvm_args: -Dfile.encoding=GBK 
java_command: com.sxx.groovy.test.GroovyFristTestMain
Launcher Type: SUN_STANDARD

Environment Variables:
JAVA_HOME=D:\soft\jdk1.8
CLASSPATH=.D:\soft\jdk1.8\lib;D:\soft\tomcat7\lib
PATH=D:/soft/jre1.8/bin/server;D:/soft/jre1.8/bin;D:/soft/jre1.8/lib/amd64;C:\ProgramData\Oracle\Java\javapath;C:\Program Files (x86)\Common Files\NetSarang;C:\windows\system32;C:\windows;C:\windows\System32\Wbem;C:\windows\System32\WindowsPowerShell\v1.0\;C:\Program Files\Lenovo\Fingerprint Manager Pro\;D:\soft\jdk1.8\bin;D:\soft\jdk1.8\jre\bin;D:\soft\apache-maven-3.3.1\bin;C:\Program Files\TortoiseSVN\bin;D:\soft\tomcat7\lib;D:\soft\gradle-2.5/bin;D:\soft\tomcat7\bin;C:\Python27;D:\soft\TortoiseGit\bin;D:\soft\eclipse;
USERNAME=xiaoxu.sxx
OS=Windows_NT
PROCESSOR_IDENTIFIER=Intel64 Family 6 Model 69 Stepping 1, GenuineIntel



---------------  S Y S T E M  ---------------

OS: Windows 7 , 64 bit Build 7601 Service Pack 1

CPU:total 4 (2 cores per cpu, 2 threads per core) family 6 model 69 stepping 1, cmov, cx8, fxsr, mmx, sse, sse2, sse3, ssse3, sse4.1, sse4.2, popcnt, ht

Memory: 4k page, physical 8068768k(1501208k free), swap 16135700k(9178752k free)

vm_info: Java HotSpot(TM) 64-Bit Server VM (20.14-b01) for windows-amd64 JRE (1.6.0_43-b01), built on Mar  1 2013 01:52:33 by "java_re" with MS VC++ 8.0 (VS2005)

time: Thu May 26 19:17:48 2016
elapsed time: 0 seconds

